2025-11-10 21:14:24,501 - INFO - Запуск аналитики для проекта KAFKA
2025-11-10 21:14:24,501 - INFO - Получаем данные из JIRA для проекта KAFKA...
2025-11-10 21:14:25,044 - INFO - Успешно получено 500 задач
2025-11-10 21:14:25,046 - INFO - Получено 500 задач для анализа
2025-11-10 21:14:25,046 - INFO - Строим график: Пример выбора задачи
2025-11-10 21:14:25,501 - INFO - График сохранен: task_selection_example.png
2025-11-10 21:14:25,501 - INFO - Строим график: Гистограмма времени в открытом состоянии
2025-11-10 21:14:25,690 - INFO - График сохранен: open_time_histogram.png
2025-11-10 21:14:25,690 - INFO - Строим графики: Распределение времени по состояниям
2025-11-10 21:14:25,694 - WARNING - Нет задач в состоянии Open
2025-11-10 21:14:25,828 - INFO - График для статуса Resolved сохранен: status_resolved_histogram.png
2025-11-10 21:14:25,828 - WARNING - Нет задач в состоянии In Progress
2025-11-10 21:14:25,828 - WARNING - Нет задач в состоянии Patch Available
2025-11-10 21:14:25,828 - WARNING - Нет задач в состоянии Reopened
2025-11-10 21:14:25,828 - INFO - Строим график: Ежедневные задачи с накопительным итогом
2025-11-10 21:14:26,107 - INFO - График сохранен: daily_issues_trend.png
2025-11-10 21:14:26,107 - INFO - Строим график: Топ-30 пользователей
2025-11-10 21:14:26,407 - INFO - График сохранен: top_users_chart.png
2025-11-10 21:14:26,408 - INFO - Строим график: Затраченное время
2025-11-10 21:14:26,530 - INFO - График сохранен: time_spent_histogram.png
2025-11-10 21:14:26,530 - INFO - Строим график: Распределение по приоритетам
2025-11-10 21:14:26,664 - INFO - График сохранен: priority_distribution.png
2025-11-10 21:14:26,664 - INFO - Все графики успешно построены!
2025-11-10 21:19:06,207 - INFO - Запуск аналитики для проекта KAFKA
2025-11-10 21:19:06,207 - INFO - Получаем данные из JIRA для проекта KAFKA...
2025-11-10 21:19:06,790 - INFO - Успешно получено 500 задач
2025-11-10 21:19:06,791 - INFO - Получено 500 задач для анализа
2025-11-10 21:19:06,791 - INFO - Строим график: Пример выбора задачи
2025-11-10 21:19:10,915 - INFO - Строим график: Гистограмма времени в открытом состоянии
2025-11-10 21:19:13,076 - INFO - Строим графики: Распределение времени по состояниям
2025-11-10 21:19:13,089 - WARNING - Нет задач в состоянии Open
2025-11-10 21:19:14,909 - WARNING - Нет задач в состоянии In Progress
2025-11-10 21:19:14,910 - WARNING - Нет задач в состоянии Patch Available
2025-11-10 21:19:14,910 - WARNING - Нет задач в состоянии Reopened
2025-11-10 21:19:14,910 - INFO - Строим график: Ежедневные задачи с накопительным итогом
2025-11-10 21:19:16,853 - INFO - Строим график: Топ-30 пользователей
2025-11-10 21:19:18,144 - INFO - Строим график: Затраченное время
2025-11-10 21:19:24,129 - INFO - Строим график: Распределение по приоритетам
2025-11-10 21:19:25,726 - INFO - Все графики успешно построены и отображены!
